#
# A fatal error has been detected by the Java Runtime Environment:
#
#  EXCEPTION_ACCESS_VIOLATION (0xc0000005) at pc=0x00007ffbdc3b145d, pid=6304, tid=0x00000000000027bc
#
# JRE version: Java(TM) SE Runtime Environment (8.0_151-b12) (build 1.8.0_151-b12)
# Java VM: Java HotSpot(TM) 64-Bit Server VM (25.151-b12 mixed mode windows-amd64 compressed oops)
# Problematic frame:
# C  [glfw.dll+0x145d]
#
# Failed to write core dump. Minidumps are not enabled by default on client versions of Windows
#
# If you would like to submit a bug report, please visit:
#   http://bugreport.java.com/bugreport/crash.jsp
# The crash happened outside the Java Virtual Machine in native code.
# See problematic frame for where to report the bug.
#

---------------  T H R E A D  ---------------

Current thread (0x00000000199d4000):  JavaThread "Display" [_thread_in_native, id=10172, stack(0x000000001a760000,0x000000001a860000)]

siginfo: ExceptionCode=0xc0000005, writing address 0x00000000000001f4

Registers:
RAX=0x0000000000000000, RBX=0x0000000000b3f9e0, RCX=0x0000000000036001, RDX=0x0000000000000000
RSP=0x000000001a85eb70, RBP=0x0000000000000000, RSI=0x00007ffbdc3d3738, RDI=0x0000000000000000
R8 =0x0000000000000000, R9 =0x000000001a85e3a0, R10=0x0000000000000000, R11=0x000000001a85dbee
R12=0x0000000000000000, R13=0x0000000017444788, R14=0x0000000000000000, R15=0x000000001a85ec48
RIP=0x00007ffbdc3b145d, EFLAGS=0x0000000000010246

Top of Stack: (sp=0x000000001a85eb70)
0x000000001a85eb70:   0000000000000000 0000000000000000
0x000000001a85eb80:   0000000000000000 0000000000000000
0x000000001a85eb90:   0000000000000000 0000000000000000
0x000000001a85eba0:   000099763bed564f 00007ffbdc3d3738
0x000000001a85ebb0:   00007ffbdc3d3748 00007ffbdc3d3758
0x000000001a85ebc0:   0000000000000000 000099763bed665f
0x000000001a85ebd0:   00000000199d4000 0000000000000000
0x000000001a85ebe0:   0000000000000438 00007ffbdc3b4602
0x000000001a85ebf0:   0000000000b3f9e0 0000000000000438
0x000000001a85ec00:   0000000000000438 000000001a85ecb1
0x000000001a85ec10:   0000043800000780 00000000198e0f6d
0x000000001a85ec20:   0000000100000001 0000000100000001
0x000000001a85ec30:   0000000000000001 0000000000000000
0x000000001a85ec40:   0000000000000001 0003600100030001
0x000000001a85ec50:   0000000000000001 0000000000000000
0x000000001a85ec60:   0000000000000000 0000000000000000 

Instructions: (pc=0x00007ffbdc3b145d)
0x00007ffbdc3b143d:   38 33 ed 48 89 44 24 48 48 8d 0d d4 50 03 00 48
0x00007ffbdc3b144d:   89 6c 24 50 e8 1a 6b 00 00 41 8b 4f 04 48 8b f8
0x00007ffbdc3b145d:   89 88 f4 01 00 00 48 8d 0d fe 22 02 00 c7 80 f0
0x00007ffbdc3b146d:   01 00 00 01 00 03 00 ff 90 58 02 00 00 48 8d 0d 


Register to memory mapping:

RAX=0x0000000000000000 is an unknown value
RBX=0x0000000000b3f9e0 is an unknown value
RCX=0x0000000000036001 is an unknown value
RDX=0x0000000000000000 is an unknown value
RSP=0x000000001a85eb70 is pointing into the stack for thread: 0x00000000199d4000
RBP=0x0000000000000000 is an unknown value
RSI=0x00007ffbdc3d3738 is an unknown value
RDI=0x0000000000000000 is an unknown value
R8 =0x0000000000000000 is an unknown value
R9 =0x000000001a85e3a0 is pointing into the stack for thread: 0x00000000199d4000
R10=0x0000000000000000 is an unknown value
R11=0x000000001a85dbee is pointing into the stack for thread: 0x00000000199d4000
R12=0x0000000000000000 is an unknown value
R13={method} {0x0000000017444790} 'invokePPPP' '(JIIJJJ)J' in 'org/lwjgl/system/JNI'
R14=0x0000000000000000 is an unknown value
R15=0x000000001a85ec48 is pointing into the stack for thread: 0x00000000199d4000


Stack: [0x000000001a760000,0x000000001a860000],  sp=0x000000001a85eb70,  free space=1018k
Native frames: (J=compiled Java code, j=interpreted, Vv=VM code, C=native code)

Java frames: (J=compiled Java code, j=interpreted, Vv=VM code)
j  org.lwjgl.system.JNI.invokePPPP(JIIJJJ)J+0
j  org.lwjgl.glfw.GLFW.nglfwCreateWindow(IIJJJ)J+14
j  org.lwjgl.glfw.GLFW.glfwCreateWindow(IILjava/lang/CharSequence;JJ)J+33
j  com.simaflux.spacetrade.Main.init()V+71
j  com.simaflux.spacetrade.Main.run()V+1
j  java.lang.Thread.run()V+11
v  ~StubRoutines::call_stub

---------------  P R O C E S S  ---------------

Java Threads: ( => current thread )
  0x00000000028ed800 JavaThread "DestroyJavaVM" [_thread_blocked, id=6840, stack(0x00000000027b0000,0x00000000028b0000)]
=>0x00000000199d4000 JavaThread "Display" [_thread_in_native, id=10172, stack(0x000000001a760000,0x000000001a860000)]
  0x0000000019931000 JavaThread "Service Thread" daemon [_thread_blocked, id=6156, stack(0x000000001a560000,0x000000001a660000)]
  0x00000000198a9000 JavaThread "C1 CompilerThread3" daemon [_thread_blocked, id=6504, stack(0x000000001a460000,0x000000001a560000)]
  0x000000001989f800 JavaThread "C2 CompilerThread2" daemon [_thread_blocked, id=2352, stack(0x000000001a360000,0x000000001a460000)]
  0x000000001989d800 JavaThread "C2 CompilerThread1" daemon [_thread_blocked, id=2472, stack(0x000000001a260000,0x000000001a360000)]
  0x000000001989a000 JavaThread "C2 CompilerThread0" daemon [_thread_blocked, id=312, stack(0x000000001a160000,0x000000001a260000)]
  0x0000000019899000 JavaThread "Attach Listener" daemon [_thread_blocked, id=4984, stack(0x000000001a060000,0x000000001a160000)]
  0x0000000019896000 JavaThread "Signal Dispatcher" daemon [_thread_blocked, id=6136, stack(0x0000000019f60000,0x000000001a060000)]
  0x0000000019890800 JavaThread "Finalizer" daemon [_thread_blocked, id=8124, stack(0x0000000019c70000,0x0000000019d70000)]
  0x00000000179ad000 JavaThread "Reference Handler" daemon [_thread_blocked, id=7608, stack(0x0000000019770000,0x0000000019870000)]

Other Threads:
  0x00000000179a9000 VMThread [stack: 0x0000000019670000,0x0000000019770000] [id=7360]
  0x0000000019937000 WatcherThread [stack: 0x000000001a660000,0x000000001a760000] [id=5332]

VM state:not at safepoint (normal execution)

VM Mutex/Monitor currently owned by a thread: None

Heap:
 PSYoungGen      total 38400K, used 6018K [0x00000000d5c00000, 0x00000000d8680000, 0x0000000100000000)
  eden space 33280K, 18% used [0x00000000d5c00000,0x00000000d61e0b68,0x00000000d7c80000)
  from space 5120K, 0% used [0x00000000d8180000,0x00000000d8180000,0x00000000d8680000)
  to   space 5120K, 0% used [0x00000000d7c80000,0x00000000d7c80000,0x00000000d8180000)
 ParOldGen       total 87552K, used 0K [0x0000000081400000, 0x0000000086980000, 0x00000000d5c00000)
  object space 87552K, 0% used [0x0000000081400000,0x0000000081400000,0x0000000086980000)
 Metaspace       used 5229K, capacity 5488K, committed 5632K, reserved 1056768K
  class space    used 590K, capacity 670K, committed 768K, reserved 1048576K

Card table byte_map: [0x0000000011db0000,0x00000000121b0000] byte_map_base: 0x00000000119a6000

Marking Bits: (ParMarkBitMap*) 0x000000005620d850
 Begin Bits: [0x0000000012c60000, 0x0000000014c10000)
 End Bits:   [0x0000000014c10000, 0x0000000016bc0000)

Polling page: 0x0000000000aa0000

CodeCache: size=245760Kb used=1979Kb max_used=1979Kb free=243780Kb
 bounds [0x00000000029f0000, 0x0000000002c60000, 0x00000000119f0000]
 total_blobs=1020 nmethods=352 adapters=581
 compilation: enabled

Compilation events (10 events):
Event: 35.542 Thread 0x00000000198a9000  347       1       java.util.zip.ZipCoder::isUTF8 (5 bytes)
Event: 35.542 Thread 0x00000000198a9000 nmethod 347 0x0000000002bdbbd0 code [0x0000000002bdbd20, 0x0000000002bdbe30]
Event: 35.543 Thread 0x00000000198a9000  348   !   3       java.util.zip.Inflater::inflate (113 bytes)
Event: 35.543 Thread 0x00000000198a9000 nmethod 348 0x0000000002bdc250 code [0x0000000002bdc400, 0x0000000002bdca58]
Event: 35.543 Thread 0x00000000198a9000  350       3       java.lang.String::regionMatches (149 bytes)
Event: 35.544 Thread 0x00000000198a9000 nmethod 350 0x0000000002bdcdd0 code [0x0000000002bdd020, 0x0000000002bddcd8]
Event: 35.544 Thread 0x00000000198a9000  351       3       java.lang.String::equalsIgnoreCase (48 bytes)
Event: 35.544 Thread 0x00000000198a9000 nmethod 351 0x0000000002bde650 code [0x0000000002bde7c0, 0x0000000002bdeb28]
Event: 35.544 Thread 0x00000000198a9000  352       3       java.util.HashMap::put (13 bytes)
Event: 35.545 Thread 0x00000000198a9000 nmethod 352 0x0000000002bdec50 code [0x0000000002bdede0, 0x0000000002bdf198]

GC Heap History (0 events):
No events

Deoptimization events (0 events):
No events

Internal exceptions (9 events):
Event: 6.897 Thread 0x00000000028ed800 Exception <a 'java/lang/NoSuchMethodError': Method sun.misc.Unsafe.defineClass(Ljava/lang/String;[BII)Ljava/lang/Class; name or signature does not match> (0x00000000d5c07ca8) thrown at [C:\re\workspace\8-2-build-windows-amd64-cygwin\jdk8u151\9699\hotspot\
Event: 6.897 Thread 0x00000000028ed800 Exception <a 'java/lang/NoSuchMethodError': Method sun.misc.Unsafe.prefetchRead(Ljava/lang/Object;J)V name or signature does not match> (0x00000000d5c07f90) thrown at [C:\re\workspace\8-2-build-windows-amd64-cygwin\jdk8u151\9699\hotspot\src\share\vm\prims
Event: 16.912 Thread 0x00000000199d4000 Exception <a 'java/lang/NoSuchMethodError': java.lang.Object.lambda$static$0(Ljava/lang/String;)Ljava/lang/Boolean;> (0x00000000d5e87ba0) thrown at [C:\re\workspace\8-2-build-windows-amd64-cygwin\jdk8u151\9699\hotspot\src\share\vm\interpreter\linkResolver
Event: 16.930 Thread 0x00000000199d4000 Exception <a 'java/lang/NoSuchFieldError': method resolution failed> (0x00000000d5effc98) thrown at [C:\re\workspace\8-2-build-windows-amd64-cygwin\jdk8u151\9699\hotspot\src\share\vm\prims\methodHandles.cpp, line 1146]
Event: 16.932 Thread 0x00000000199d4000 Exception <a 'java/lang/NoSuchFieldError': method resolution failed> (0x00000000d5f0d098) thrown at [C:\re\workspace\8-2-build-windows-amd64-cygwin\jdk8u151\9699\hotspot\src\share\vm\prims\methodHandles.cpp, line 1146]
Event: 25.904 Thread 0x00000000199d4000 Exception <a 'java/security/PrivilegedActionException'> (0x00000000d6051ed8) thrown at [C:\re\workspace\8-2-build-windows-amd64-cygwin\jdk8u151\9699\hotspot\src\share\vm\prims\jvm.cpp, line 1390]
Event: 25.904 Thread 0x00000000199d4000 Exception <a 'java/security/PrivilegedActionException'> (0x00000000d60520e8) thrown at [C:\re\workspace\8-2-build-windows-amd64-cygwin\jdk8u151\9699\hotspot\src\share\vm\prims\jvm.cpp, line 1390]
Event: 25.905 Thread 0x00000000199d4000 Exception <a 'java/security/PrivilegedActionException'> (0x00000000d6055d58) thrown at [C:\re\workspace\8-2-build-windows-amd64-cygwin\jdk8u151\9699\hotspot\src\share\vm\prims\jvm.cpp, line 1390]
Event: 25.905 Thread 0x00000000199d4000 Exception <a 'java/security/PrivilegedActionException'> (0x00000000d6055f68) thrown at [C:\re\workspace\8-2-build-windows-amd64-cygwin\jdk8u151\9699\hotspot\src\share\vm\prims\jvm.cpp, line 1390]

Events (10 events):
Event: 35.542 loading class org/lwjgl/glfw/GLFWVidMode
Event: 35.542 loading class org/lwjgl/glfw/GLFWVidMode done
Event: 35.542 loading class org/lwjgl/system/Struct
Event: 35.542 loading class org/lwjgl/system/Struct done
Event: 35.543 loading class org/lwjgl/system/Struct$Member
Event: 35.543 loading class org/lwjgl/system/Struct$Member done
Event: 35.544 loading class org/lwjgl/system/Struct$Layout
Event: 35.544 loading class org/lwjgl/system/Struct$Layout done
Event: 35.544 loading class org/lwjgl/glfw/EventLoop$OffScreen
Event: 35.544 loading class org/lwjgl/glfw/EventLoop$OffScreen done


Dynamic libraries:
0x00007ff65ed30000 - 0x00007ff65ed67000 	C:\Program Files\Java\jre1.8.0_151\bin\javaw.exe
0x00007ffc06210000 - 0x00007ffc063eb000 	C:\WINDOWS\SYSTEM32\ntdll.dll
0x00007ffc04840000 - 0x00007ffc048ee000 	C:\WINDOWS\System32\KERNEL32.DLL
0x00007ffc02c70000 - 0x00007ffc02eb9000 	C:\WINDOWS\System32\KERNELBASE.dll
0x00007ffc04240000 - 0x00007ffc042e1000 	C:\WINDOWS\System32\ADVAPI32.dll
0x00007ffc04980000 - 0x00007ffc04a1d000 	C:\WINDOWS\System32\msvcrt.dll
0x00007ffc05e60000 - 0x00007ffc05eb9000 	C:\WINDOWS\System32\sechost.dll
0x00007ffc05ed0000 - 0x00007ffc05ff5000 	C:\WINDOWS\System32\RPCRT4.dll
0x00007ffc04360000 - 0x00007ffc044aa000 	C:\WINDOWS\System32\USER32.dll
0x00007ffc03750000 - 0x00007ffc0376e000 	C:\WINDOWS\System32\win32u.dll
0x00007ffc047b0000 - 0x00007ffc047d7000 	C:\WINDOWS\System32\GDI32.dll
0x00007ffc02ec0000 - 0x00007ffc03047000 	C:\WINDOWS\System32\gdi32full.dll
0x00007ffc028e0000 - 0x00007ffc0297a000 	C:\WINDOWS\System32\msvcp_win.dll
0x00007ffc027e0000 - 0x00007ffc028d6000 	C:\WINDOWS\System32\ucrtbase.dll
0x00007ffbf5820000 - 0x00007ffbf5a87000 	C:\WINDOWS\WinSxS\amd64_microsoft.windows.common-controls_6595b64144ccf1df_6.0.15063.483_none_26002d27e7c744a2\COMCTL32.dll
0x00007ffc044b0000 - 0x00007ffc047a9000 	C:\WINDOWS\System32\combase.dll
0x00007ffc02c00000 - 0x00007ffc02c6a000 	C:\WINDOWS\System32\bcryptPrimitives.dll
0x00007ffc04180000 - 0x00007ffc041ad000 	C:\WINDOWS\System32\IMM32.DLL
0x00007ffbeb600000 - 0x00007ffbeb67d000 	c:\program files (x86)\stofa\apps\ultralight\ulcore\1508848662\fshook64.dll
0x00000000569a0000 - 0x0000000056a72000 	C:\Program Files\Java\jre1.8.0_151\bin\msvcr100.dll
0x00000000559f0000 - 0x000000005628d000 	C:\Program Files\Java\jre1.8.0_151\bin\server\jvm.dll
0x00007ffc042f0000 - 0x00007ffc042f8000 	C:\WINDOWS\System32\PSAPI.DLL
0x00007ffbff7b0000 - 0x00007ffbff7b9000 	C:\WINDOWS\SYSTEM32\WSOCK32.dll
0x00007ffbfd7b0000 - 0x00007ffbfd7d3000 	C:\WINDOWS\SYSTEM32\WINMM.dll
0x00007ffbfc990000 - 0x00007ffbfc99a000 	C:\WINDOWS\SYSTEM32\VERSION.dll
0x00007ffc04910000 - 0x00007ffc0497c000 	C:\WINDOWS\System32\WS2_32.dll
0x00007ffbfd6e0000 - 0x00007ffbfd70b000 	C:\WINDOWS\SYSTEM32\winmmbase.dll
0x00007ffc02980000 - 0x00007ffc029c9000 	C:\WINDOWS\System32\cfgmgr32.dll
0x0000000057880000 - 0x000000005788f000 	C:\Program Files\Java\jre1.8.0_151\bin\verify.dll
0x0000000057850000 - 0x0000000057879000 	C:\Program Files\Java\jre1.8.0_151\bin\java.dll
0x0000000057830000 - 0x0000000057846000 	C:\Program Files\Java\jre1.8.0_151\bin\zip.dll
0x00007ffc04a20000 - 0x00007ffc05e56000 	C:\WINDOWS\System32\SHELL32.dll
0x00007ffc03cc0000 - 0x00007ffc03d6a000 	C:\WINDOWS\System32\shcore.dll
0x00007ffc03050000 - 0x00007ffc03741000 	C:\WINDOWS\System32\windows.storage.dll
0x00007ffc047e0000 - 0x00007ffc04831000 	C:\WINDOWS\System32\shlwapi.dll
0x00007ffc02680000 - 0x00007ffc02691000 	C:\WINDOWS\System32\kernel.appcore.dll
0x00007ffc026e0000 - 0x00007ffc0272c000 	C:\WINDOWS\System32\powrprof.dll
0x00007ffc026a0000 - 0x00007ffc026b5000 	C:\WINDOWS\System32\profapi.dll
0x0000000056980000 - 0x000000005699a000 	C:\Program Files\Java\jre1.8.0_151\bin\net.dll
0x00007ffc01f90000 - 0x00007ffc01fec000 	C:\WINDOWS\system32\mswsock.dll
0x0000000056960000 - 0x0000000056971000 	C:\Program Files\Java\jre1.8.0_151\bin\nio.dll
0x00007ffbdc460000 - 0x00007ffbdc4b7000 	C:\Users\Simon\AppData\Local\Temp\lwjglSimon\3.1.2-build-29\lwjgl.dll
0x00007ffbdc3b0000 - 0x00007ffbdc3ed000 	C:\Users\Simon\AppData\Local\Temp\lwjglSimon\3.1.2-build-29\glfw.dll
0x00007ffc00fa0000 - 0x00007ffc01035000 	C:\WINDOWS\system32\uxtheme.dll
0x00007ffbdbe60000 - 0x00007ffbdbea2000 	C:\WINDOWS\SYSTEM32\dinput8.dll
0x00007ffbff810000 - 0x00007ffbff81e000 	C:\WINDOWS\SYSTEM32\xinput1_4.dll
0x00007ffc01040000 - 0x00007ffc01068000 	C:\WINDOWS\SYSTEM32\DEVOBJ.dll
0x00007ffbf42a0000 - 0x00007ffbf42ca000 	C:\WINDOWS\SYSTEM32\dwmapi.dll
0x00007ffc060a0000 - 0x00007ffc06206000 	C:\WINDOWS\System32\MSCTF.dll
0x00007ffc03d70000 - 0x00007ffc03e30000 	C:\WINDOWS\System32\OLEAUT32.dll
0x00007ffc01390000 - 0x00007ffc0139d000 	C:\WINDOWS\SYSTEM32\HID.DLL
0x00007ffc03770000 - 0x00007ffc03bab000 	C:\WINDOWS\System32\SETUPAPI.DLL
0x00007ffc029d0000 - 0x00007ffc02a26000 	C:\WINDOWS\System32\WINTRUST.dll
0x00007ffc026c0000 - 0x00007ffc026d1000 	C:\WINDOWS\System32\MSASN1.dll
0x00007ffc02a30000 - 0x00007ffc02bf9000 	C:\WINDOWS\System32\CRYPT32.dll
0x00007ffbecea0000 - 0x00007ffbecfc1000 	C:\WINDOWS\SYSTEM32\opengl32.dll
0x00007ffbee730000 - 0x00007ffbee75c000 	C:\WINDOWS\SYSTEM32\GLU32.dll
0x00007ffbcfa00000 - 0x00007ffbd0548000 	C:\WINDOWS\SYSTEM32\ig75icd64.dll
0x00007ffbe98d0000 - 0x00007ffbea310000 	C:\WINDOWS\SYSTEM32\igdusc64.dll
0x00007ffbff1b0000 - 0x00007ffbff1c3000 	C:\WINDOWS\SYSTEM32\WTSAPI32.dll
0x00007ffbf5a90000 - 0x00007ffbf5c39000 	C:\WINDOWS\SYSTEM32\dbghelp.dll

VM Arguments:
jvm_args: -Dfile.encoding=Cp1252 
java_command: com.simaflux.spacetrade.Main
java_class_path (initial): C:\Users\Simon\workspace\Space-Trade\bin;C:\Users\Simon\lwjgl-release-3.1.2-custom\lwjgl.jar;C:\Users\Simon\lwjgl-release-3.1.2-custom\lwjgl-glfw.jar;C:\Users\Simon\lwjgl-release-3.1.2-custom\lwjgl-glfw-natives-windows.jar;C:\Users\Simon\lwjgl-release-3.1.2-custom\lwjgl-natives-windows.jar;C:\Users\Simon\lwjgl-release-3.1.2-custom\lwjgl-openal.jar;C:\Users\Simon\lwjgl-release-3.1.2-custom\lwjgl-openal-natives-windows.jar;C:\Users\Simon\lwjgl-release-3.1.2-custom\lwjgl-opengl.jar;C:\Users\Simon\lwjgl-release-3.1.2-custom\lwjgl-opengl-natives-windows.jar
Launcher Type: SUN_STANDARD

Environment Variables:
PATH=C:/Program Files/Java/jre1.8.0_151/bin/server;C:/Program Files/Java/jre1.8.0_151/bin;C:/Program Files/Java/jre1.8.0_151/lib/amd64;C:\ProgramData\Oracle\Java\javapath;C:\Program Files (x86)\Lenovo\FusionEngine;C:\Program Files (x86)\Intel\iCLS Client\;C:\Program Files\Intel\iCLS Client\;C:\windows\system32;C:\windows;C:\windows\System32\Wbem;C:\windows\System32\WindowsPowerShell\v1.0\;C:\Program Files\Intel\Intel(R) Management Engine Components\DAL;C:\Program Files\Intel\Intel(R) Management Engine Components\IPT;C:\Program Files (x86)\Intel\Intel(R) Management Engine Components\DAL;C:\Program Files (x86)\Intel\Intel(R) Management Engine Components\IPT;C:\Program Files\Intel\WiFi\bin\;C:\Program Files\Common Files\Intel\WirelessCommon\;C:\Program Files (x86)\Lenovo\Motion Control\;C:\Program Files (x86)\Common Files\lenovo\easyplussdk\bin;C:\WINDOWS\system32;C:\WINDOWS;C:\WINDOWS\System32\Wbem;C:\WINDOWS\System32\WindowsPowerShell\v1.0\;C:\Program Files (x86)\Windows Live\Shared;C:\Program Files (x86)\GtkSharp\2.12\bin;C:\Program Files (x86)\NVIDIA Corporation\PhysX\Common;C:\WINDOWS\system32;C:\WINDOWS;C:\WINDOWS\System32\Wbem;C:\WINDOWS\System32\WindowsPowerShell\v1.0\;C:\Program Files\Git\cmd;C:\Program Files (x86)\Skype\Phone\;C:\Users\Simon\AppData\Local\Microsoft\WindowsApps;C:\Users\Simon\AppData\Local\GitHubDesktop\bin;C:\Program Files (x86)\eclipse-java-neon-R-win32-x86_64\eclipse;
USERNAME=Simon
OS=Windows_NT
PROCESSOR_IDENTIFIER=Intel64 Family 6 Model 60 Stepping 3, GenuineIntel



---------------  S Y S T E M  ---------------

OS: Windows 10.0 , 64 bit Build 15063 (10.0.15063.296)

CPU:total 8 (initial active 8) (4 cores per cpu, 2 threads per core) family 6 model 60 stepping 3, cmov, cx8, fxsr, mmx, sse, sse2, sse3, ssse3, sse4.1, sse4.2, popcnt, avx, avx2, aes, clmul, erms, lzcnt, ht, tsc, tscinvbit, bmi1, bmi2

Memory: 4k page, physical 8298776k(5377752k free), swap 15114520k(9295288k free)

vm_info: Java HotSpot(TM) 64-Bit Server VM (25.151-b12) for windows-amd64 JRE (1.8.0_151-b12), built on Sep  5 2017 19:33:46 by "java_re" with MS VC++ 10.0 (VS2010)

time: Thu Nov 09 08:19:42 2017
elapsed time: 37 seconds (0d 0h 0m 37s)

